2025-04-30 19:05:23.693 [main] INFO  com.MESWebServer.MesWebServerApplication - Starting MesWebServerApplication using Java 17.0.14 with PID 31064 (D:\2025\Project\Spring\MESWebServer_VSCODE\build\classes\java\main started by 10003512 in D:\2025\Project\Spring\MESWebServer_VSCODE)
2025-04-30 19:05:23.704 [main] INFO  com.MESWebServer.MesWebServerApplication - No active profile set, falling back to 1 default profile: "default"
2025-04-30 19:05:25.260 [main] INFO  org.springframework.data.repository.config.RepositoryConfigurationDelegate - Bootstrapping Spring Data JPA repositories in DEFAULT mode.
2025-04-30 19:05:25.469 [main] INFO  org.springframework.data.repository.config.RepositoryConfigurationDelegate - Finished Spring Data repository scanning in 194 ms. Found 3 JPA repository interfaces.
2025-04-30 19:05:26.586 [main] INFO  org.springframework.boot.web.embedded.tomcat.TomcatWebServer - Tomcat initialized with port 8090 (http)
2025-04-30 19:05:26.601 [main] INFO  org.apache.coyote.http11.Http11NioProtocol - Initializing ProtocolHandler ["http-nio-0.0.0.0-8090"]
2025-04-30 19:05:26.603 [main] INFO  org.apache.catalina.core.StandardService - Starting service [Tomcat]
2025-04-30 19:05:26.603 [main] INFO  org.apache.catalina.core.StandardEngine - Starting Servlet engine: [Apache Tomcat/10.1.34]
2025-04-30 19:05:26.746 [main] INFO  org.apache.catalina.core.ContainerBase.[Tomcat].[localhost].[/] - Initializing Spring embedded WebApplicationContext
2025-04-30 19:05:26.746 [main] INFO  org.springframework.boot.web.servlet.context.ServletWebServerApplicationContext - Root WebApplicationContext: initialization completed in 2625 ms
2025-04-30 19:05:27.635 [main] INFO  org.hibernate.jpa.internal.util.LogHelper - HHH000204: Processing PersistenceUnitInfo [name: default]
2025-04-30 19:05:27.722 [main] INFO  org.hibernate.Version - HHH000412: Hibernate ORM core version 6.6.5.Final
2025-04-30 19:05:27.808 [main] INFO  org.hibernate.cache.internal.RegionFactoryInitiator - HHH000026: Second-level cache disabled
2025-04-30 19:05:28.227 [main] INFO  org.springframework.orm.jpa.persistenceunit.SpringPersistenceUnitInfo - No LoadTimeWeaver setup: ignoring JPA class transformer
2025-04-30 19:05:28.247 [main] WARN  org.hibernate.orm.deprecation - HHH90000021: Encountered deprecated setting [hibernate.temp.use_jdbc_metadata_defaults], use [hibernate.boot.allow_jdbc_metadata_access] instead
2025-04-30 19:05:28.298 [main] WARN  org.hibernate.orm.deprecation - HHH90000025: OracleDialect does not need to be specified explicitly using 'hibernate.dialect' (remove the property setting and it will be selected by default)
2025-04-30 19:05:28.327 [main] INFO  org.hibernate.orm.connections.pooling - HHH10001005: Database info:
	Database JDBC URL [undefined/unknown]
	Database driver: undefined/unknown
	Database version: 19.0
	Autocommit mode: undefined/unknown
	Isolation level: <unknown>
	Minimum pool size: undefined/unknown
	Maximum pool size: undefined/unknown
2025-04-30 19:05:29.493 [main] INFO  org.hibernate.engine.transaction.jta.platform.internal.JtaPlatformInitiator - HHH000489: No JTA platform available (set 'hibernate.transaction.jta.platform' to enable JTA platform integration)
2025-04-30 19:05:29.497 [main] INFO  org.springframework.orm.jpa.LocalContainerEntityManagerFactoryBean - Initialized JPA EntityManagerFactory for persistence unit 'default'
2025-04-30 19:05:30.436 [main] INFO  org.springframework.data.jpa.repository.query.QueryEnhancerFactory - Hibernate is in classpath; If applicable, HQL parser will be used.
2025-04-30 19:05:31.126 [main] WARN  org.springframework.boot.web.servlet.context.AnnotationConfigServletWebServerApplicationContext - Exception encountered during context initialization - cancelling refresh attempt: org.springframework.beans.factory.UnsatisfiedDependencyException: Error creating bean with name 'ftpFileService': Unsatisfied dependency expressed through field 'ftpServerProvider': Error creating bean with name 'ftpServerProvider' defined in file [D:\2025\Project\Spring\MESWebServer_VSCODE\build\classes\java\main\com\MESWebServer\FunctionList\FTP\FtpServerProvider.class]: Failed to instantiate [com.MESWebServer.FunctionList.FTP.FtpServerProvider]: No default constructor found
2025-04-30 19:05:31.140 [main] INFO  org.springframework.orm.jpa.LocalContainerEntityManagerFactoryBean - Closing JPA EntityManagerFactory for persistence unit 'default'
2025-04-30 19:05:31.145 [main] INFO  org.apache.catalina.core.StandardService - Stopping service [Tomcat]
2025-04-30 19:05:31.155 [main] INFO  org.springframework.boot.autoconfigure.logging.ConditionEvaluationReportLogger - 

Error starting ApplicationContext. To display the condition evaluation report re-run your application with 'debug' enabled.
2025-04-30 19:05:31.174 [main] ERROR org.springframework.boot.SpringApplication - Application run failed
org.springframework.beans.factory.UnsatisfiedDependencyException: Error creating bean with name 'ftpFileService': Unsatisfied dependency expressed through field 'ftpServerProvider': Error creating bean with name 'ftpServerProvider' defined in file [D:\2025\Project\Spring\MESWebServer_VSCODE\build\classes\java\main\com\MESWebServer\FunctionList\FTP\FtpServerProvider.class]: Failed to instantiate [com.MESWebServer.FunctionList.FTP.FtpServerProvider]: No default constructor found
	at org.springframework.beans.factory.annotation.AutowiredAnnotationBeanPostProcessor$AutowiredFieldElement.resolveFieldValue(AutowiredAnnotationBeanPostProcessor.java:788)
	at org.springframework.beans.factory.annotation.AutowiredAnnotationBeanPostProcessor$AutowiredFieldElement.inject(AutowiredAnnotationBeanPostProcessor.java:768)
	at org.springframework.beans.factory.annotation.InjectionMetadata.inject(InjectionMetadata.java:146)
	at org.springframework.beans.factory.annotation.AutowiredAnnotationBeanPostProcessor.postProcessProperties(AutowiredAnnotationBeanPostProcessor.java:509)
	at org.springframework.beans.factory.support.AbstractAutowireCapableBeanFactory.populateBean(AbstractAutowireCapableBeanFactory.java:1445)
	at org.springframework.beans.factory.support.AbstractAutowireCapableBeanFactory.doCreateBean(AbstractAutowireCapableBeanFactory.java:600)
	at org.springframework.beans.factory.support.AbstractAutowireCapableBeanFactory.createBean(AbstractAutowireCapableBeanFactory.java:523)
	at org.springframework.beans.factory.support.AbstractBeanFactory.lambda$doGetBean$0(AbstractBeanFactory.java:336)
	at org.springframework.beans.factory.support.DefaultSingletonBeanRegistry.getSingleton(DefaultSingletonBeanRegistry.java:307)
	at org.springframework.beans.factory.support.AbstractBeanFactory.doGetBean(AbstractBeanFactory.java:334)
	at org.springframework.beans.factory.support.AbstractBeanFactory.getBean(AbstractBeanFactory.java:199)
	at org.springframework.beans.factory.support.DefaultListableBeanFactory.instantiateSingleton(DefaultListableBeanFactory.java:1122)
	at org.springframework.beans.factory.support.DefaultListableBeanFactory.preInstantiateSingleton(DefaultListableBeanFactory.java:1093)
	at org.springframework.beans.factory.support.DefaultListableBeanFactory.preInstantiateSingletons(DefaultListableBeanFactory.java:1030)
	at org.springframework.context.support.AbstractApplicationContext.finishBeanFactoryInitialization(AbstractApplicationContext.java:987)
	at org.springframework.context.support.AbstractApplicationContext.refresh(AbstractApplicationContext.java:627)
	at org.springframework.boot.web.servlet.context.ServletWebServerApplicationContext.refresh(ServletWebServerApplicationContext.java:146)
	at org.springframework.boot.SpringApplication.refresh(SpringApplication.java:752)
	at org.springframework.boot.SpringApplication.refreshContext(SpringApplication.java:439)
	at org.springframework.boot.SpringApplication.run(SpringApplication.java:318)
	at org.springframework.boot.SpringApplication.run(SpringApplication.java:1361)
	at org.springframework.boot.SpringApplication.run(SpringApplication.java:1350)
	at com.MESWebServer.MesWebServerApplication.main(MesWebServerApplication.java:12)
Caused by: org.springframework.beans.factory.BeanCreationException: Error creating bean with name 'ftpServerProvider' defined in file [D:\2025\Project\Spring\MESWebServer_VSCODE\build\classes\java\main\com\MESWebServer\FunctionList\FTP\FtpServerProvider.class]: Failed to instantiate [com.MESWebServer.FunctionList.FTP.FtpServerProvider]: No default constructor found
	at org.springframework.beans.factory.support.AbstractAutowireCapableBeanFactory.instantiateBean(AbstractAutowireCapableBeanFactory.java:1343)
	at org.springframework.beans.factory.support.AbstractAutowireCapableBeanFactory.createBeanInstance(AbstractAutowireCapableBeanFactory.java:1228)
	at org.springframework.beans.factory.support.AbstractAutowireCapableBeanFactory.doCreateBean(AbstractAutowireCapableBeanFactory.java:563)
	at org.springframework.beans.factory.support.AbstractAutowireCapableBeanFactory.createBean(AbstractAutowireCapableBeanFactory.java:523)
	at org.springframework.beans.factory.support.AbstractBeanFactory.lambda$doGetBean$0(AbstractBeanFactory.java:336)
	at org.springframework.beans.factory.support.DefaultSingletonBeanRegistry.getSingleton(DefaultSingletonBeanRegistry.java:307)
	at org.springframework.beans.factory.support.AbstractBeanFactory.doGetBean(AbstractBeanFactory.java:334)
	at org.springframework.beans.factory.support.AbstractBeanFactory.getBean(AbstractBeanFactory.java:199)
	at org.springframework.beans.factory.support.DefaultListableBeanFactory.doResolveDependency(DefaultListableBeanFactory.java:1573)
	at org.springframework.beans.factory.support.DefaultListableBeanFactory.resolveDependency(DefaultListableBeanFactory.java:1519)
	at org.springframework.beans.factory.annotation.AutowiredAnnotationBeanPostProcessor$AutowiredFieldElement.resolveFieldValue(AutowiredAnnotationBeanPostProcessor.java:785)
	... 22 common frames omitted
Caused by: org.springframework.beans.BeanInstantiationException: Failed to instantiate [com.MESWebServer.FunctionList.FTP.FtpServerProvider]: No default constructor found
	at org.springframework.beans.factory.support.SimpleInstantiationStrategy.instantiate(SimpleInstantiationStrategy.java:118)
	at org.springframework.beans.factory.support.AbstractAutowireCapableBeanFactory.instantiateBean(AbstractAutowireCapableBeanFactory.java:1337)
	... 32 common frames omitted
Caused by: java.lang.NoSuchMethodException: com.MESWebServer.FunctionList.FTP.FtpServerProvider.<init>()
	at java.base/java.lang.Class.getConstructor0(Class.java:3585)
	at java.base/java.lang.Class.getDeclaredConstructor(Class.java:2754)
	at org.springframework.beans.factory.support.SimpleInstantiationStrategy.instantiate(SimpleInstantiationStrategy.java:114)
	... 33 common frames omitted
2025-04-30 19:06:57.585 [main] INFO  com.MESWebServer.MesWebServerApplication - Starting MesWebServerApplication using Java 17.0.14 with PID 29376 (D:\2025\Project\Spring\MESWebServer_VSCODE\build\classes\java\main started by 10003512 in D:\2025\Project\Spring\MESWebServer_VSCODE)
2025-04-30 19:06:57.587 [main] INFO  com.MESWebServer.MesWebServerApplication - No active profile set, falling back to 1 default profile: "default"
2025-04-30 19:06:58.899 [main] INFO  org.springframework.data.repository.config.RepositoryConfigurationDelegate - Bootstrapping Spring Data JPA repositories in DEFAULT mode.
2025-04-30 19:06:59.050 [main] INFO  org.springframework.data.repository.config.RepositoryConfigurationDelegate - Finished Spring Data repository scanning in 139 ms. Found 3 JPA repository interfaces.
2025-04-30 19:07:00.032 [main] INFO  org.springframework.boot.web.embedded.tomcat.TomcatWebServer - Tomcat initialized with port 8090 (http)
2025-04-30 19:07:00.043 [main] INFO  org.apache.coyote.http11.Http11NioProtocol - Initializing ProtocolHandler ["http-nio-0.0.0.0-8090"]
2025-04-30 19:07:00.046 [main] INFO  org.apache.catalina.core.StandardService - Starting service [Tomcat]
2025-04-30 19:07:00.046 [main] INFO  org.apache.catalina.core.StandardEngine - Starting Servlet engine: [Apache Tomcat/10.1.34]
2025-04-30 19:07:00.160 [main] INFO  org.apache.catalina.core.ContainerBase.[Tomcat].[localhost].[/] - Initializing Spring embedded WebApplicationContext
2025-04-30 19:07:00.161 [main] INFO  org.springframework.boot.web.servlet.context.ServletWebServerApplicationContext - Root WebApplicationContext: initialization completed in 2201 ms
2025-04-30 19:07:00.510 [main] INFO  org.hibernate.jpa.internal.util.LogHelper - HHH000204: Processing PersistenceUnitInfo [name: default]
2025-04-30 19:07:00.725 [main] INFO  org.hibernate.Version - HHH000412: Hibernate ORM core version 6.6.5.Final
2025-04-30 19:07:00.785 [main] INFO  org.hibernate.cache.internal.RegionFactoryInitiator - HHH000026: Second-level cache disabled
2025-04-30 19:07:01.120 [main] INFO  org.springframework.orm.jpa.persistenceunit.SpringPersistenceUnitInfo - No LoadTimeWeaver setup: ignoring JPA class transformer
2025-04-30 19:07:01.142 [main] WARN  org.hibernate.orm.deprecation - HHH90000021: Encountered deprecated setting [hibernate.temp.use_jdbc_metadata_defaults], use [hibernate.boot.allow_jdbc_metadata_access] instead
2025-04-30 19:07:01.166 [main] WARN  org.hibernate.orm.deprecation - HHH90000025: OracleDialect does not need to be specified explicitly using 'hibernate.dialect' (remove the property setting and it will be selected by default)
2025-04-30 19:07:01.185 [main] INFO  org.hibernate.orm.connections.pooling - HHH10001005: Database info:
	Database JDBC URL [undefined/unknown]
	Database driver: undefined/unknown
	Database version: 19.0
	Autocommit mode: undefined/unknown
	Isolation level: <unknown>
	Minimum pool size: undefined/unknown
	Maximum pool size: undefined/unknown
2025-04-30 19:07:02.173 [main] INFO  org.hibernate.engine.transaction.jta.platform.internal.JtaPlatformInitiator - HHH000489: No JTA platform available (set 'hibernate.transaction.jta.platform' to enable JTA platform integration)
2025-04-30 19:07:02.176 [main] INFO  org.springframework.orm.jpa.LocalContainerEntityManagerFactoryBean - Initialized JPA EntityManagerFactory for persistence unit 'default'
2025-04-30 19:07:03.124 [main] INFO  org.springframework.data.jpa.repository.query.QueryEnhancerFactory - Hibernate is in classpath; If applicable, HQL parser will be used.
2025-04-30 19:07:04.042 [main] WARN  org.springframework.boot.autoconfigure.orm.jpa.JpaBaseConfiguration$JpaWebConfiguration - spring.jpa.open-in-view is enabled by default. Therefore, database queries may be performed during view rendering. Explicitly configure spring.jpa.open-in-view to disable this warning
2025-04-30 19:07:04.655 [main] INFO  org.apache.coyote.http11.Http11NioProtocol - Starting ProtocolHandler ["http-nio-0.0.0.0-8090"]
2025-04-30 19:07:04.705 [main] INFO  org.springframework.boot.web.embedded.tomcat.TomcatWebServer - Tomcat started on port 8090 (http) with context path '/'
2025-04-30 19:07:04.726 [main] INFO  com.MESWebServer.MesWebServerApplication - Started MesWebServerApplication in 8.134 seconds (process running for 8.855)
2025-04-30 19:08:13.494 [http-nio-0.0.0.0-8090-exec-1] INFO  org.apache.catalina.core.ContainerBase.[Tomcat].[localhost].[/] - Initializing Spring DispatcherServlet 'dispatcherServlet'
2025-04-30 19:08:13.495 [http-nio-0.0.0.0-8090-exec-1] INFO  org.springframework.web.servlet.DispatcherServlet - Initializing Servlet 'dispatcherServlet'
2025-04-30 19:08:13.497 [http-nio-0.0.0.0-8090-exec-1] INFO  org.springframework.web.servlet.DispatcherServlet - Completed initialization in 1 ms
2025-04-30 19:08:15.961 [http-nio-0.0.0.0-8090-exec-1] WARN  org.thymeleaf.standard.processor.AbstractStandardFragmentInsertionTagProcessor - [THYMELEAF][http-nio-0.0.0.0-8090-exec-1][layout] Deprecated unwrapped fragment expression "fragments/etchepd_chart::etchEpdContent" found in template home, line 136, col 21. Please use the complete syntax of fragment expressions instead ("~{fragments/etchepd_chart::etchEpdContent}"). The old, unwrapped syntax for fragment expressions will be removed in future versions of Thymeleaf.
2025-04-30 19:10:41.166 [http-nio-0.0.0.0-8090-exec-7] WARN  org.thymeleaf.standard.processor.AbstractStandardFragmentInsertionTagProcessor - [THYMELEAF][http-nio-0.0.0.0-8090-exec-7][layout] Deprecated unwrapped fragment expression "fragments/etchepd_chart::etchEpdContent" found in template home, line 136, col 21. Please use the complete syntax of fragment expressions instead ("~{fragments/etchepd_chart::etchEpdContent}"). The old, unwrapped syntax for fragment expressions will be removed in future versions of Thymeleaf.
2025-04-30 19:11:06.867 [http-nio-0.0.0.0-8090-exec-5] WARN  org.thymeleaf.standard.processor.AbstractStandardFragmentInsertionTagProcessor - [THYMELEAF][http-nio-0.0.0.0-8090-exec-5][layout] Deprecated unwrapped fragment expression "fragments/etchepd_chart::etchEpdContent" found in template home, line 136, col 21. Please use the complete syntax of fragment expressions instead ("~{fragments/etchepd_chart::etchEpdContent}"). The old, unwrapped syntax for fragment expressions will be removed in future versions of Thymeleaf.
2025-04-30 19:11:22.375 [http-nio-0.0.0.0-8090-exec-2] WARN  org.thymeleaf.standard.processor.AbstractStandardFragmentInsertionTagProcessor - [THYMELEAF][http-nio-0.0.0.0-8090-exec-2][layout] Deprecated unwrapped fragment expression "fragments/etchepd_chart::etchEpdContent" found in template home, line 136, col 21. Please use the complete syntax of fragment expressions instead ("~{fragments/etchepd_chart::etchEpdContent}"). The old, unwrapped syntax for fragment expressions will be removed in future versions of Thymeleaf.
