2025-04-04 14:07:03.481 [main] INFO  com.MESWebServer.MesWebServerApplicationTests - Starting MesWebServerApplicationTests using Java 17.0.6 with PID 11920 (started by 10003512 in D:\2025\Project\Spring\MESWebServer_VSCODE)
2025-04-04 14:07:03.490 [main] INFO  com.MESWebServer.MesWebServerApplicationTests - No active profile set, falling back to 1 default profile: "default"
2025-04-04 14:07:06.411 [main] INFO  org.springframework.data.repository.config.RepositoryConfigurationDelegate - Bootstrapping Spring Data JPA repositories in DEFAULT mode.
2025-04-04 14:07:06.654 [main] INFO  org.springframework.data.repository.config.RepositoryConfigurationDelegate - Finished Spring Data repository scanning in 226 ms. Found 2 JPA repository interfaces.
2025-04-04 14:07:07.632 [main] INFO  org.hibernate.jpa.internal.util.LogHelper - HHH000204: Processing PersistenceUnitInfo [name: default]
2025-04-04 14:07:07.946 [main] INFO  org.hibernate.Version - HHH000412: Hibernate ORM core version 6.6.5.Final
2025-04-04 14:07:08.034 [main] INFO  org.hibernate.cache.internal.RegionFactoryInitiator - HHH000026: Second-level cache disabled
2025-04-04 14:07:09.559 [main] INFO  org.springframework.orm.jpa.persistenceunit.SpringPersistenceUnitInfo - No LoadTimeWeaver setup: ignoring JPA class transformer
2025-04-04 14:07:09.584 [main] WARN  org.hibernate.orm.deprecation - HHH90000021: Encountered deprecated setting [hibernate.temp.use_jdbc_metadata_defaults], use [hibernate.boot.allow_jdbc_metadata_access] instead
2025-04-04 14:07:09.673 [main] WARN  org.hibernate.orm.deprecation - HHH90000025: OracleDialect does not need to be specified explicitly using 'hibernate.dialect' (remove the property setting and it will be selected by default)
2025-04-04 14:07:09.753 [main] INFO  org.hibernate.orm.connections.pooling - HHH10001005: Database info:
	Database JDBC URL [undefined/unknown]
	Database driver: undefined/unknown
	Database version: 19.0
	Autocommit mode: undefined/unknown
	Isolation level: <unknown>
	Minimum pool size: undefined/unknown
	Maximum pool size: undefined/unknown
2025-04-04 14:07:11.556 [main] INFO  org.hibernate.engine.transaction.jta.platform.internal.JtaPlatformInitiator - HHH000489: No JTA platform available (set 'hibernate.transaction.jta.platform' to enable JTA platform integration)
2025-04-04 14:07:11.570 [main] INFO  org.springframework.orm.jpa.LocalContainerEntityManagerFactoryBean - Initialized JPA EntityManagerFactory for persistence unit 'default'
2025-04-04 14:07:12.434 [main] INFO  org.springframework.data.jpa.repository.query.QueryEnhancerFactory - Hibernate is in classpath; If applicable, HQL parser will be used.
2025-04-04 14:07:13.889 [main] WARN  org.springframework.boot.autoconfigure.orm.jpa.JpaBaseConfiguration$JpaWebConfiguration - spring.jpa.open-in-view is enabled by default. Therefore, database queries may be performed during view rendering. Explicitly configure spring.jpa.open-in-view to disable this warning
2025-04-04 14:07:15.287 [main] INFO  com.MESWebServer.MesWebServerApplicationTests - Started MesWebServerApplicationTests in 12.517 seconds (process running for 16.618)
2025-04-04 14:07:40.505 [SpringApplicationShutdownHook] WARN  org.springframework.context.annotation.CommonAnnotationBeanPostProcessor - Destroy method on bean with name 'H101' threw an exception: java.lang.StackOverflowError
2025-04-04 14:07:40.508 [SpringApplicationShutdownHook] INFO  org.springframework.orm.jpa.LocalContainerEntityManagerFactoryBean - Closing JPA EntityManagerFactory for persistence unit 'default'
2025-04-04 14:09:18.636 [main] INFO  com.MESWebServer.MesWebServerApplicationTests - Starting MesWebServerApplicationTests using Java 17.0.6 with PID 31076 (started by 10003512 in D:\2025\Project\Spring\MESWebServer_VSCODE)
2025-04-04 14:09:18.654 [main] INFO  com.MESWebServer.MesWebServerApplicationTests - No active profile set, falling back to 1 default profile: "default"
2025-04-04 14:09:20.494 [main] INFO  org.springframework.data.repository.config.RepositoryConfigurationDelegate - Bootstrapping Spring Data JPA repositories in DEFAULT mode.
2025-04-04 14:09:20.690 [main] INFO  org.springframework.data.repository.config.RepositoryConfigurationDelegate - Finished Spring Data repository scanning in 183 ms. Found 2 JPA repository interfaces.
2025-04-04 14:09:21.846 [main] INFO  org.hibernate.jpa.internal.util.LogHelper - HHH000204: Processing PersistenceUnitInfo [name: default]
2025-04-04 14:09:22.000 [main] INFO  org.hibernate.Version - HHH000412: Hibernate ORM core version 6.6.5.Final
2025-04-04 14:09:22.053 [main] INFO  org.hibernate.cache.internal.RegionFactoryInitiator - HHH000026: Second-level cache disabled
2025-04-04 14:09:22.918 [main] INFO  org.springframework.orm.jpa.persistenceunit.SpringPersistenceUnitInfo - No LoadTimeWeaver setup: ignoring JPA class transformer
2025-04-04 14:09:22.938 [main] WARN  org.hibernate.orm.deprecation - HHH90000021: Encountered deprecated setting [hibernate.temp.use_jdbc_metadata_defaults], use [hibernate.boot.allow_jdbc_metadata_access] instead
2025-04-04 14:09:22.969 [main] WARN  org.hibernate.orm.deprecation - HHH90000025: OracleDialect does not need to be specified explicitly using 'hibernate.dialect' (remove the property setting and it will be selected by default)
2025-04-04 14:09:23.006 [main] INFO  org.hibernate.orm.connections.pooling - HHH10001005: Database info:
	Database JDBC URL [undefined/unknown]
	Database driver: undefined/unknown
	Database version: 19.0
	Autocommit mode: undefined/unknown
	Isolation level: <unknown>
	Minimum pool size: undefined/unknown
	Maximum pool size: undefined/unknown
2025-04-04 14:09:24.300 [main] INFO  org.hibernate.engine.transaction.jta.platform.internal.JtaPlatformInitiator - HHH000489: No JTA platform available (set 'hibernate.transaction.jta.platform' to enable JTA platform integration)
2025-04-04 14:09:24.305 [main] INFO  org.springframework.orm.jpa.LocalContainerEntityManagerFactoryBean - Initialized JPA EntityManagerFactory for persistence unit 'default'
2025-04-04 14:09:25.045 [main] INFO  org.springframework.data.jpa.repository.query.QueryEnhancerFactory - Hibernate is in classpath; If applicable, HQL parser will be used.
2025-04-04 14:09:26.751 [main] WARN  org.springframework.boot.autoconfigure.orm.jpa.JpaBaseConfiguration$JpaWebConfiguration - spring.jpa.open-in-view is enabled by default. Therefore, database queries may be performed during view rendering. Explicitly configure spring.jpa.open-in-view to disable this warning
2025-04-04 14:09:27.763 [main] INFO  com.MESWebServer.MesWebServerApplicationTests - Started MesWebServerApplicationTests in 9.83 seconds (process running for 12.385)
2025-04-04 14:09:53.619 [SpringApplicationShutdownHook] WARN  org.springframework.context.annotation.CommonAnnotationBeanPostProcessor - Destroy method on bean with name 'H101' threw an exception: java.lang.StackOverflowError
2025-04-04 14:09:53.620 [SpringApplicationShutdownHook] INFO  org.springframework.orm.jpa.LocalContainerEntityManagerFactoryBean - Closing JPA EntityManagerFactory for persistence unit 'default'
2025-04-04 14:11:18.080 [main] INFO  com.MESWebServer.MesWebServerApplicationTests - Starting MesWebServerApplicationTests using Java 17.0.6 with PID 24484 (started by 10003512 in D:\2025\Project\Spring\MESWebServer_VSCODE)
2025-04-04 14:11:18.082 [main] INFO  com.MESWebServer.MesWebServerApplicationTests - No active profile set, falling back to 1 default profile: "default"
2025-04-04 14:11:20.976 [main] INFO  org.springframework.data.repository.config.RepositoryConfigurationDelegate - Bootstrapping Spring Data JPA repositories in DEFAULT mode.
2025-04-04 14:11:21.203 [main] INFO  org.springframework.data.repository.config.RepositoryConfigurationDelegate - Finished Spring Data repository scanning in 213 ms. Found 2 JPA repository interfaces.
2025-04-04 14:11:22.532 [main] INFO  org.hibernate.jpa.internal.util.LogHelper - HHH000204: Processing PersistenceUnitInfo [name: default]
2025-04-04 14:11:22.685 [main] INFO  org.hibernate.Version - HHH000412: Hibernate ORM core version 6.6.5.Final
2025-04-04 14:11:22.746 [main] INFO  org.hibernate.cache.internal.RegionFactoryInitiator - HHH000026: Second-level cache disabled
2025-04-04 14:11:23.805 [main] INFO  org.springframework.orm.jpa.persistenceunit.SpringPersistenceUnitInfo - No LoadTimeWeaver setup: ignoring JPA class transformer
2025-04-04 14:11:23.857 [main] WARN  org.hibernate.orm.deprecation - HHH90000021: Encountered deprecated setting [hibernate.temp.use_jdbc_metadata_defaults], use [hibernate.boot.allow_jdbc_metadata_access] instead
2025-04-04 14:11:23.885 [main] WARN  org.hibernate.orm.deprecation - HHH90000025: OracleDialect does not need to be specified explicitly using 'hibernate.dialect' (remove the property setting and it will be selected by default)
2025-04-04 14:11:23.929 [main] INFO  org.hibernate.orm.connections.pooling - HHH10001005: Database info:
	Database JDBC URL [undefined/unknown]
	Database driver: undefined/unknown
	Database version: 19.0
	Autocommit mode: undefined/unknown
	Isolation level: <unknown>
	Minimum pool size: undefined/unknown
	Maximum pool size: undefined/unknown
2025-04-04 14:11:25.716 [main] INFO  org.hibernate.engine.transaction.jta.platform.internal.JtaPlatformInitiator - HHH000489: No JTA platform available (set 'hibernate.transaction.jta.platform' to enable JTA platform integration)
2025-04-04 14:11:25.722 [main] INFO  org.springframework.orm.jpa.LocalContainerEntityManagerFactoryBean - Initialized JPA EntityManagerFactory for persistence unit 'default'
2025-04-04 14:11:26.608 [main] INFO  org.springframework.data.jpa.repository.query.QueryEnhancerFactory - Hibernate is in classpath; If applicable, HQL parser will be used.
2025-04-04 14:11:28.079 [main] WARN  org.springframework.boot.autoconfigure.orm.jpa.JpaBaseConfiguration$JpaWebConfiguration - spring.jpa.open-in-view is enabled by default. Therefore, database queries may be performed during view rendering. Explicitly configure spring.jpa.open-in-view to disable this warning
2025-04-04 14:11:29.433 [main] INFO  com.MESWebServer.MesWebServerApplicationTests - Started MesWebServerApplicationTests in 13.199 seconds (process running for 16.499)
2025-04-04 14:12:18.465 [main] INFO  com.MESWebServer.MesWebServerApplicationTests - Starting MesWebServerApplicationTests using Java 17.0.6 with PID 31624 (started by 10003512 in D:\2025\Project\Spring\MESWebServer_VSCODE)
2025-04-04 14:12:18.470 [main] INFO  com.MESWebServer.MesWebServerApplicationTests - No active profile set, falling back to 1 default profile: "default"
2025-04-04 14:12:20.498 [main] INFO  org.springframework.data.repository.config.RepositoryConfigurationDelegate - Bootstrapping Spring Data JPA repositories in DEFAULT mode.
2025-04-04 14:12:20.702 [main] INFO  org.springframework.data.repository.config.RepositoryConfigurationDelegate - Finished Spring Data repository scanning in 164 ms. Found 2 JPA repository interfaces.
2025-04-04 14:12:22.244 [main] INFO  org.hibernate.jpa.internal.util.LogHelper - HHH000204: Processing PersistenceUnitInfo [name: default]
2025-04-04 14:12:22.392 [main] INFO  org.hibernate.Version - HHH000412: Hibernate ORM core version 6.6.5.Final
2025-04-04 14:12:22.491 [main] INFO  org.hibernate.cache.internal.RegionFactoryInitiator - HHH000026: Second-level cache disabled
2025-04-04 14:12:24.053 [main] INFO  org.springframework.orm.jpa.persistenceunit.SpringPersistenceUnitInfo - No LoadTimeWeaver setup: ignoring JPA class transformer
2025-04-04 14:12:24.077 [main] WARN  org.hibernate.orm.deprecation - HHH90000021: Encountered deprecated setting [hibernate.temp.use_jdbc_metadata_defaults], use [hibernate.boot.allow_jdbc_metadata_access] instead
2025-04-04 14:12:24.116 [main] WARN  org.hibernate.orm.deprecation - HHH90000025: OracleDialect does not need to be specified explicitly using 'hibernate.dialect' (remove the property setting and it will be selected by default)
2025-04-04 14:12:24.156 [main] INFO  org.hibernate.orm.connections.pooling - HHH10001005: Database info:
	Database JDBC URL [undefined/unknown]
	Database driver: undefined/unknown
	Database version: 19.0
	Autocommit mode: undefined/unknown
	Isolation level: <unknown>
	Minimum pool size: undefined/unknown
	Maximum pool size: undefined/unknown
2025-04-04 14:12:25.475 [main] INFO  org.hibernate.engine.transaction.jta.platform.internal.JtaPlatformInitiator - HHH000489: No JTA platform available (set 'hibernate.transaction.jta.platform' to enable JTA platform integration)
2025-04-04 14:12:25.480 [main] INFO  org.springframework.orm.jpa.LocalContainerEntityManagerFactoryBean - Initialized JPA EntityManagerFactory for persistence unit 'default'
2025-04-04 14:12:26.427 [main] INFO  org.springframework.data.jpa.repository.query.QueryEnhancerFactory - Hibernate is in classpath; If applicable, HQL parser will be used.
2025-04-04 14:12:28.205 [main] WARN  org.springframework.boot.autoconfigure.orm.jpa.JpaBaseConfiguration$JpaWebConfiguration - spring.jpa.open-in-view is enabled by default. Therefore, database queries may be performed during view rendering. Explicitly configure spring.jpa.open-in-view to disable this warning
2025-04-04 14:12:29.355 [main] INFO  com.MESWebServer.MesWebServerApplicationTests - Started MesWebServerApplicationTests in 11.99 seconds (process running for 14.648)
2025-04-04 14:14:22.539 [main] INFO  com.MESWebServer.MesWebServerApplicationTests - Starting MesWebServerApplicationTests using Java 17.0.6 with PID 20620 (started by 10003512 in D:\2025\Project\Spring\MESWebServer_VSCODE)
2025-04-04 14:14:22.541 [main] INFO  com.MESWebServer.MesWebServerApplicationTests - No active profile set, falling back to 1 default profile: "default"
2025-04-04 14:14:24.191 [main] INFO  org.springframework.data.repository.config.RepositoryConfigurationDelegate - Bootstrapping Spring Data JPA repositories in DEFAULT mode.
2025-04-04 14:14:24.410 [main] INFO  org.springframework.data.repository.config.RepositoryConfigurationDelegate - Finished Spring Data repository scanning in 207 ms. Found 2 JPA repository interfaces.
2025-04-04 14:14:25.398 [main] INFO  org.hibernate.jpa.internal.util.LogHelper - HHH000204: Processing PersistenceUnitInfo [name: default]
2025-04-04 14:14:25.485 [main] INFO  org.hibernate.Version - HHH000412: Hibernate ORM core version 6.6.5.Final
2025-04-04 14:14:25.538 [main] INFO  org.hibernate.cache.internal.RegionFactoryInitiator - HHH000026: Second-level cache disabled
2025-04-04 14:14:26.573 [main] INFO  org.springframework.orm.jpa.persistenceunit.SpringPersistenceUnitInfo - No LoadTimeWeaver setup: ignoring JPA class transformer
2025-04-04 14:14:26.589 [main] WARN  org.hibernate.orm.deprecation - HHH90000021: Encountered deprecated setting [hibernate.temp.use_jdbc_metadata_defaults], use [hibernate.boot.allow_jdbc_metadata_access] instead
2025-04-04 14:14:26.618 [main] WARN  org.hibernate.orm.deprecation - HHH90000025: OracleDialect does not need to be specified explicitly using 'hibernate.dialect' (remove the property setting and it will be selected by default)
2025-04-04 14:14:26.652 [main] INFO  org.hibernate.orm.connections.pooling - HHH10001005: Database info:
	Database JDBC URL [undefined/unknown]
	Database driver: undefined/unknown
	Database version: 19.0
	Autocommit mode: undefined/unknown
	Isolation level: <unknown>
	Minimum pool size: undefined/unknown
	Maximum pool size: undefined/unknown
2025-04-04 14:14:27.815 [main] INFO  org.hibernate.engine.transaction.jta.platform.internal.JtaPlatformInitiator - HHH000489: No JTA platform available (set 'hibernate.transaction.jta.platform' to enable JTA platform integration)
2025-04-04 14:14:27.819 [main] INFO  org.springframework.orm.jpa.LocalContainerEntityManagerFactoryBean - Initialized JPA EntityManagerFactory for persistence unit 'default'
2025-04-04 14:14:28.598 [main] INFO  org.springframework.data.jpa.repository.query.QueryEnhancerFactory - Hibernate is in classpath; If applicable, HQL parser will be used.
2025-04-04 14:14:29.847 [main] WARN  org.springframework.boot.autoconfigure.orm.jpa.JpaBaseConfiguration$JpaWebConfiguration - spring.jpa.open-in-view is enabled by default. Therefore, database queries may be performed during view rendering. Explicitly configure spring.jpa.open-in-view to disable this warning
2025-04-04 14:14:30.903 [main] INFO  com.MESWebServer.MesWebServerApplicationTests - Started MesWebServerApplicationTests in 9.071 seconds (process running for 11.52)
2025-04-04 14:16:09.371 [main] INFO  com.MESWebServer.MesWebServerApplicationTests - Starting MesWebServerApplicationTests using Java 17.0.6 with PID 31560 (started by 10003512 in D:\2025\Project\Spring\MESWebServer_VSCODE)
2025-04-04 14:16:09.373 [main] INFO  com.MESWebServer.MesWebServerApplicationTests - No active profile set, falling back to 1 default profile: "default"
2025-04-04 14:16:11.455 [main] INFO  org.springframework.data.repository.config.RepositoryConfigurationDelegate - Bootstrapping Spring Data JPA repositories in DEFAULT mode.
2025-04-04 14:16:11.625 [main] INFO  org.springframework.data.repository.config.RepositoryConfigurationDelegate - Finished Spring Data repository scanning in 149 ms. Found 2 JPA repository interfaces.
2025-04-04 14:16:12.954 [main] INFO  org.hibernate.jpa.internal.util.LogHelper - HHH000204: Processing PersistenceUnitInfo [name: default]
2025-04-04 14:16:13.036 [main] INFO  org.hibernate.Version - HHH000412: Hibernate ORM core version 6.6.5.Final
2025-04-04 14:16:13.090 [main] INFO  org.hibernate.cache.internal.RegionFactoryInitiator - HHH000026: Second-level cache disabled
2025-04-04 14:16:14.208 [main] INFO  org.springframework.orm.jpa.persistenceunit.SpringPersistenceUnitInfo - No LoadTimeWeaver setup: ignoring JPA class transformer
2025-04-04 14:16:14.230 [main] WARN  org.hibernate.orm.deprecation - HHH90000021: Encountered deprecated setting [hibernate.temp.use_jdbc_metadata_defaults], use [hibernate.boot.allow_jdbc_metadata_access] instead
2025-04-04 14:16:14.259 [main] WARN  org.hibernate.orm.deprecation - HHH90000025: OracleDialect does not need to be specified explicitly using 'hibernate.dialect' (remove the property setting and it will be selected by default)
2025-04-04 14:16:14.292 [main] INFO  org.hibernate.orm.connections.pooling - HHH10001005: Database info:
	Database JDBC URL [undefined/unknown]
	Database driver: undefined/unknown
	Database version: 19.0
	Autocommit mode: undefined/unknown
	Isolation level: <unknown>
	Minimum pool size: undefined/unknown
	Maximum pool size: undefined/unknown
2025-04-04 14:16:15.699 [main] INFO  org.hibernate.engine.transaction.jta.platform.internal.JtaPlatformInitiator - HHH000489: No JTA platform available (set 'hibernate.transaction.jta.platform' to enable JTA platform integration)
2025-04-04 14:16:15.703 [main] INFO  org.springframework.orm.jpa.LocalContainerEntityManagerFactoryBean - Initialized JPA EntityManagerFactory for persistence unit 'default'
2025-04-04 14:16:17.150 [main] INFO  org.springframework.data.jpa.repository.query.QueryEnhancerFactory - Hibernate is in classpath; If applicable, HQL parser will be used.
2025-04-04 14:16:19.347 [main] WARN  org.springframework.boot.autoconfigure.orm.jpa.JpaBaseConfiguration$JpaWebConfiguration - spring.jpa.open-in-view is enabled by default. Therefore, database queries may be performed during view rendering. Explicitly configure spring.jpa.open-in-view to disable this warning
2025-04-04 14:16:20.678 [main] INFO  com.MESWebServer.MesWebServerApplicationTests - Started MesWebServerApplicationTests in 12.06 seconds (process running for 13.884)
2025-04-04 14:16:49.162 [SpringApplicationShutdownHook] WARN  org.springframework.context.annotation.CommonAnnotationBeanPostProcessor - Destroy method on bean with name 'H101' threw an exception: java.lang.StackOverflowError
2025-04-04 14:16:49.164 [SpringApplicationShutdownHook] INFO  org.springframework.orm.jpa.LocalContainerEntityManagerFactoryBean - Closing JPA EntityManagerFactory for persistence unit 'default'
2025-04-04 14:17:00.208 [main] INFO  com.MESWebServer.MesWebServerApplicationTests - Starting MesWebServerApplicationTests using Java 17.0.6 with PID 28960 (started by 10003512 in D:\2025\Project\Spring\MESWebServer_VSCODE)
2025-04-04 14:17:00.216 [main] INFO  com.MESWebServer.MesWebServerApplicationTests - No active profile set, falling back to 1 default profile: "default"
2025-04-04 14:17:02.661 [main] INFO  org.springframework.data.repository.config.RepositoryConfigurationDelegate - Bootstrapping Spring Data JPA repositories in DEFAULT mode.
2025-04-04 14:17:02.902 [main] INFO  org.springframework.data.repository.config.RepositoryConfigurationDelegate - Finished Spring Data repository scanning in 214 ms. Found 2 JPA repository interfaces.
2025-04-04 14:17:04.034 [main] INFO  org.hibernate.jpa.internal.util.LogHelper - HHH000204: Processing PersistenceUnitInfo [name: default]
2025-04-04 14:17:04.149 [main] INFO  org.hibernate.Version - HHH000412: Hibernate ORM core version 6.6.5.Final
2025-04-04 14:17:04.202 [main] INFO  org.hibernate.cache.internal.RegionFactoryInitiator - HHH000026: Second-level cache disabled
2025-04-04 14:17:05.797 [main] INFO  org.springframework.orm.jpa.persistenceunit.SpringPersistenceUnitInfo - No LoadTimeWeaver setup: ignoring JPA class transformer
2025-04-04 14:17:05.833 [main] WARN  org.hibernate.orm.deprecation - HHH90000021: Encountered deprecated setting [hibernate.temp.use_jdbc_metadata_defaults], use [hibernate.boot.allow_jdbc_metadata_access] instead
2025-04-04 14:17:05.858 [main] WARN  org.hibernate.orm.deprecation - HHH90000025: OracleDialect does not need to be specified explicitly using 'hibernate.dialect' (remove the property setting and it will be selected by default)
2025-04-04 14:17:05.911 [main] INFO  org.hibernate.orm.connections.pooling - HHH10001005: Database info:
	Database JDBC URL [undefined/unknown]
	Database driver: undefined/unknown
	Database version: 19.0
	Autocommit mode: undefined/unknown
	Isolation level: <unknown>
	Minimum pool size: undefined/unknown
	Maximum pool size: undefined/unknown
2025-04-04 14:17:07.371 [main] INFO  org.hibernate.engine.transaction.jta.platform.internal.JtaPlatformInitiator - HHH000489: No JTA platform available (set 'hibernate.transaction.jta.platform' to enable JTA platform integration)
2025-04-04 14:17:07.375 [main] INFO  org.springframework.orm.jpa.LocalContainerEntityManagerFactoryBean - Initialized JPA EntityManagerFactory for persistence unit 'default'
2025-04-04 14:17:08.146 [main] INFO  org.springframework.data.jpa.repository.query.QueryEnhancerFactory - Hibernate is in classpath; If applicable, HQL parser will be used.
2025-04-04 14:17:09.945 [main] WARN  org.springframework.boot.autoconfigure.orm.jpa.JpaBaseConfiguration$JpaWebConfiguration - spring.jpa.open-in-view is enabled by default. Therefore, database queries may be performed during view rendering. Explicitly configure spring.jpa.open-in-view to disable this warning
2025-04-04 14:17:11.508 [main] INFO  com.MESWebServer.MesWebServerApplicationTests - Started MesWebServerApplicationTests in 12.046 seconds (process running for 14.212)
2025-04-04 14:18:04.808 [main] INFO  com.MESWebServer.MesWebServerApplicationTests - Starting MesWebServerApplicationTests using Java 17.0.6 with PID 3104 (started by 10003512 in D:\2025\Project\Spring\MESWebServer_VSCODE)
2025-04-04 14:18:04.810 [main] INFO  com.MESWebServer.MesWebServerApplicationTests - No active profile set, falling back to 1 default profile: "default"
2025-04-04 14:18:06.699 [main] INFO  org.springframework.data.repository.config.RepositoryConfigurationDelegate - Bootstrapping Spring Data JPA repositories in DEFAULT mode.
2025-04-04 14:18:06.920 [main] INFO  org.springframework.data.repository.config.RepositoryConfigurationDelegate - Finished Spring Data repository scanning in 210 ms. Found 2 JPA repository interfaces.
2025-04-04 14:18:08.149 [main] INFO  org.hibernate.jpa.internal.util.LogHelper - HHH000204: Processing PersistenceUnitInfo [name: default]
2025-04-04 14:18:08.253 [main] INFO  org.hibernate.Version - HHH000412: Hibernate ORM core version 6.6.5.Final
2025-04-04 14:18:08.305 [main] INFO  org.hibernate.cache.internal.RegionFactoryInitiator - HHH000026: Second-level cache disabled
2025-04-04 14:18:09.710 [main] INFO  org.springframework.orm.jpa.persistenceunit.SpringPersistenceUnitInfo - No LoadTimeWeaver setup: ignoring JPA class transformer
2025-04-04 14:18:09.727 [main] WARN  org.hibernate.orm.deprecation - HHH90000021: Encountered deprecated setting [hibernate.temp.use_jdbc_metadata_defaults], use [hibernate.boot.allow_jdbc_metadata_access] instead
2025-04-04 14:18:09.771 [main] WARN  org.hibernate.orm.deprecation - HHH90000025: OracleDialect does not need to be specified explicitly using 'hibernate.dialect' (remove the property setting and it will be selected by default)
2025-04-04 14:18:09.819 [main] INFO  org.hibernate.orm.connections.pooling - HHH10001005: Database info:
	Database JDBC URL [undefined/unknown]
	Database driver: undefined/unknown
	Database version: 19.0
	Autocommit mode: undefined/unknown
	Isolation level: <unknown>
	Minimum pool size: undefined/unknown
	Maximum pool size: undefined/unknown
2025-04-04 14:18:11.309 [main] INFO  org.hibernate.engine.transaction.jta.platform.internal.JtaPlatformInitiator - HHH000489: No JTA platform available (set 'hibernate.transaction.jta.platform' to enable JTA platform integration)
2025-04-04 14:18:11.312 [main] INFO  org.springframework.orm.jpa.LocalContainerEntityManagerFactoryBean - Initialized JPA EntityManagerFactory for persistence unit 'default'
2025-04-04 14:18:11.910 [main] INFO  org.springframework.data.jpa.repository.query.QueryEnhancerFactory - Hibernate is in classpath; If applicable, HQL parser will be used.
2025-04-04 14:18:13.024 [main] WARN  org.springframework.boot.autoconfigure.orm.jpa.JpaBaseConfiguration$JpaWebConfiguration - spring.jpa.open-in-view is enabled by default. Therefore, database queries may be performed during view rendering. Explicitly configure spring.jpa.open-in-view to disable this warning
2025-04-04 14:18:13.736 [main] INFO  com.MESWebServer.MesWebServerApplicationTests - Started MesWebServerApplicationTests in 9.625 seconds (process running for 11.149)
2025-04-04 14:18:15.063 [SpringApplicationShutdownHook] WARN  org.springframework.context.annotation.CommonAnnotationBeanPostProcessor - Destroy method on bean with name 'H101' threw an exception: java.lang.StackOverflowError
2025-04-04 14:18:15.064 [SpringApplicationShutdownHook] INFO  org.springframework.orm.jpa.LocalContainerEntityManagerFactoryBean - Closing JPA EntityManagerFactory for persistence unit 'default'
2025-04-04 14:18:48.947 [main] INFO  com.MESWebServer.MesWebServerApplication - Starting MesWebServerApplication using Java 17.0.6 with PID 32460 (D:\2025\Project\Spring\MESWebServer_VSCODE\bin\main started by 10003512 in D:\2025\Project\Spring\MESWebServer_VSCODE)
2025-04-04 14:18:48.950 [main] INFO  com.MESWebServer.MesWebServerApplication - No active profile set, falling back to 1 default profile: "default"
2025-04-04 14:18:51.086 [main] INFO  org.springframework.data.repository.config.RepositoryConfigurationDelegate - Bootstrapping Spring Data JPA repositories in DEFAULT mode.
2025-04-04 14:18:51.471 [main] INFO  org.springframework.data.repository.config.RepositoryConfigurationDelegate - Finished Spring Data repository scanning in 270 ms. Found 2 JPA repository interfaces.
2025-04-04 14:18:54.134 [main] INFO  org.springframework.boot.web.embedded.tomcat.TomcatWebServer - Tomcat initialized with port 8090 (http)
2025-04-04 14:18:54.160 [main] INFO  org.apache.coyote.http11.Http11NioProtocol - Initializing ProtocolHandler ["http-nio-0.0.0.0-8090"]
2025-04-04 14:18:54.175 [main] INFO  org.apache.catalina.core.StandardService - Starting service [Tomcat]
2025-04-04 14:18:54.187 [main] INFO  org.apache.catalina.core.StandardEngine - Starting Servlet engine: [Apache Tomcat/10.1.34]
2025-04-04 14:18:54.318 [main] INFO  org.apache.catalina.core.ContainerBase.[Tomcat].[localhost].[/] - Initializing Spring embedded WebApplicationContext
2025-04-04 14:18:54.319 [main] INFO  org.springframework.boot.web.servlet.context.ServletWebServerApplicationContext - Root WebApplicationContext: initialization completed in 4804 ms
2025-04-04 14:18:57.535 [main] INFO  org.hibernate.jpa.internal.util.LogHelper - HHH000204: Processing PersistenceUnitInfo [name: default]
2025-04-04 14:18:57.638 [main] INFO  org.hibernate.Version - HHH000412: Hibernate ORM core version 6.6.5.Final
2025-04-04 14:18:57.715 [main] INFO  org.hibernate.cache.internal.RegionFactoryInitiator - HHH000026: Second-level cache disabled
2025-04-04 14:18:58.363 [main] INFO  org.springframework.orm.jpa.persistenceunit.SpringPersistenceUnitInfo - No LoadTimeWeaver setup: ignoring JPA class transformer
2025-04-04 14:18:58.385 [main] WARN  org.hibernate.orm.deprecation - HHH90000021: Encountered deprecated setting [hibernate.temp.use_jdbc_metadata_defaults], use [hibernate.boot.allow_jdbc_metadata_access] instead
2025-04-04 14:18:58.445 [main] WARN  org.hibernate.orm.deprecation - HHH90000025: OracleDialect does not need to be specified explicitly using 'hibernate.dialect' (remove the property setting and it will be selected by default)
2025-04-04 14:18:58.478 [main] INFO  org.hibernate.orm.connections.pooling - HHH10001005: Database info:
	Database JDBC URL [undefined/unknown]
	Database driver: undefined/unknown
	Database version: 19.0
	Autocommit mode: undefined/unknown
	Isolation level: <unknown>
	Minimum pool size: undefined/unknown
	Maximum pool size: undefined/unknown
2025-04-04 14:19:00.046 [main] INFO  org.hibernate.engine.transaction.jta.platform.internal.JtaPlatformInitiator - HHH000489: No JTA platform available (set 'hibernate.transaction.jta.platform' to enable JTA platform integration)
2025-04-04 14:19:00.051 [main] INFO  org.springframework.orm.jpa.LocalContainerEntityManagerFactoryBean - Initialized JPA EntityManagerFactory for persistence unit 'default'
2025-04-04 14:19:00.774 [main] INFO  org.springframework.data.jpa.repository.query.QueryEnhancerFactory - Hibernate is in classpath; If applicable, HQL parser will be used.
2025-04-04 14:19:02.430 [main] WARN  org.springframework.boot.autoconfigure.orm.jpa.JpaBaseConfiguration$JpaWebConfiguration - spring.jpa.open-in-view is enabled by default. Therefore, database queries may be performed during view rendering. Explicitly configure spring.jpa.open-in-view to disable this warning
2025-04-04 14:19:03.890 [main] INFO  org.apache.coyote.http11.Http11NioProtocol - Starting ProtocolHandler ["http-nio-0.0.0.0-8090"]
2025-04-04 14:19:04.039 [main] INFO  org.springframework.boot.web.embedded.tomcat.TomcatWebServer - Tomcat started on port 8090 (http) with context path '/'
2025-04-04 14:19:04.070 [main] INFO  com.MESWebServer.MesWebServerApplication - Started MesWebServerApplication in 16.422 seconds (process running for 18.59)
2025-04-04 14:19:21.564 [main] INFO  com.MESWebServer.MesWebServerApplicationTests - Starting MesWebServerApplicationTests using Java 17.0.6 with PID 27084 (started by 10003512 in D:\2025\Project\Spring\MESWebServer_VSCODE)
2025-04-04 14:19:21.566 [main] INFO  com.MESWebServer.MesWebServerApplicationTests - No active profile set, falling back to 1 default profile: "default"
2025-04-04 14:19:23.212 [main] INFO  org.springframework.data.repository.config.RepositoryConfigurationDelegate - Bootstrapping Spring Data JPA repositories in DEFAULT mode.
2025-04-04 14:19:23.368 [main] INFO  org.springframework.data.repository.config.RepositoryConfigurationDelegate - Finished Spring Data repository scanning in 137 ms. Found 2 JPA repository interfaces.
2025-04-04 14:19:24.490 [main] INFO  org.hibernate.jpa.internal.util.LogHelper - HHH000204: Processing PersistenceUnitInfo [name: default]
2025-04-04 14:19:24.667 [main] INFO  org.hibernate.Version - HHH000412: Hibernate ORM core version 6.6.5.Final
2025-04-04 14:19:24.756 [main] INFO  org.hibernate.cache.internal.RegionFactoryInitiator - HHH000026: Second-level cache disabled
2025-04-04 14:19:26.428 [main] INFO  org.springframework.orm.jpa.persistenceunit.SpringPersistenceUnitInfo - No LoadTimeWeaver setup: ignoring JPA class transformer
2025-04-04 14:19:26.455 [main] WARN  org.hibernate.orm.deprecation - HHH90000021: Encountered deprecated setting [hibernate.temp.use_jdbc_metadata_defaults], use [hibernate.boot.allow_jdbc_metadata_access] instead
2025-04-04 14:19:26.486 [main] WARN  org.hibernate.orm.deprecation - HHH90000025: OracleDialect does not need to be specified explicitly using 'hibernate.dialect' (remove the property setting and it will be selected by default)
2025-04-04 14:19:26.538 [main] INFO  org.hibernate.orm.connections.pooling - HHH10001005: Database info:
	Database JDBC URL [undefined/unknown]
	Database driver: undefined/unknown
	Database version: 19.0
	Autocommit mode: undefined/unknown
	Isolation level: <unknown>
	Minimum pool size: undefined/unknown
	Maximum pool size: undefined/unknown
2025-04-04 14:19:27.788 [main] INFO  org.hibernate.engine.transaction.jta.platform.internal.JtaPlatformInitiator - HHH000489: No JTA platform available (set 'hibernate.transaction.jta.platform' to enable JTA platform integration)
2025-04-04 14:19:27.798 [main] INFO  org.springframework.orm.jpa.LocalContainerEntityManagerFactoryBean - Initialized JPA EntityManagerFactory for persistence unit 'default'
2025-04-04 14:19:28.376 [main] INFO  org.springframework.data.jpa.repository.query.QueryEnhancerFactory - Hibernate is in classpath; If applicable, HQL parser will be used.
2025-04-04 14:19:29.543 [main] WARN  org.springframework.boot.autoconfigure.orm.jpa.JpaBaseConfiguration$JpaWebConfiguration - spring.jpa.open-in-view is enabled by default. Therefore, database queries may be performed during view rendering. Explicitly configure spring.jpa.open-in-view to disable this warning
2025-04-04 14:19:30.192 [main] INFO  com.MESWebServer.MesWebServerApplicationTests - Started MesWebServerApplicationTests in 9.497 seconds (process running for 11.876)
